c:\users\etka\source\repos\eengine\engine\x64\debug\vc143.pdb
c:\users\etka\source\repos\eengine\engine\x64\debug\vc143.idb
c:\users\etka\source\repos\eengine\engine\x64\debug\glad.obj
c:\users\etka\source\repos\eengine\engine\x64\debug\stbi.obj
c:\users\etka\source\repos\eengine\engine\x64\debug\main.obj
c:\users\etka\source\repos\eengine\engine\x64\debug\window.obj
c:\users\etka\source\repos\eengine\engine\x64\debug\shader.obj
c:\users\etka\source\repos\eengine\engine\x64\debug\mesh.obj
c:\users\etka\source\repos\eengine\engine\x64\debug\model.obj
c:\users\etka\source\repos\eengine\engine\x64\debug\prop_static.obj
c:\users\etka\source\repos\eengine\engine\x64\debug\texture.obj
c:\users\etka\source\repos\eengine\engine\x64\debug\prop_dynamic.obj
c:\users\etka\source\repos\eengine\engine\x64\debug\directional_light.obj
c:\users\etka\source\repos\eengine\x64\debug\engine.exe
c:\users\etka\source\repos\eengine\x64\debug\engine.pdb
c:\users\etka\source\repos\eengine\engine\x64\debug\engine.ilk
c:\users\etka\source\repos\eengine\engine\x64\debug\engine.tlog\cl.command.1.tlog
c:\users\etka\source\repos\eengine\engine\x64\debug\engine.tlog\cl.items.tlog
c:\users\etka\source\repos\eengine\engine\x64\debug\engine.tlog\cl.read.1.tlog
c:\users\etka\source\repos\eengine\engine\x64\debug\engine.tlog\cl.write.1.tlog
c:\users\etka\source\repos\eengine\engine\x64\debug\engine.tlog\link.command.1.tlog
c:\users\etka\source\repos\eengine\engine\x64\debug\engine.tlog\link.read.1.tlog
c:\users\etka\source\repos\eengine\engine\x64\debug\engine.tlog\link.secondary.1.tlog
c:\users\etka\source\repos\eengine\engine\x64\debug\engine.tlog\link.write.1.tlog
